<?xml version="1.0" encoding="UTF-8"?>
<!-- Generated by org.testng.reporters.JUnitXMLReporter -->
<testsuite ignored="1" hostname="DESKTOP-0CCPETD" failures="0" tests="1" name="Default test" time="28.926" errors="0" timestamp="2022-07-19T11:07:18 IST">
  <testcase classname="com.crm.reqing.contactTest.CreateContactTest1" name="CreateContactWithMandatory" time="17.027"/>
  <testcase classname="com.crm.reqing.contactTest.CreateContactTest1" name="CreateContactWithOrganizationTest" time="0.0">
    <ignored/>
  </testcase> <!-- CreateContactWithOrganizationTest -->
</testsuite> <!-- Default test -->
