<?xml version="1.0" encoding="UTF-8"?>
<!-- Generated by org.testng.reporters.JUnitXMLReporter -->
<testsuite ignored="6" hostname="DESKTOP-0CCPETD" failures="1" tests="12" name="Test" time="263.163" errors="0" timestamp="2022-07-19T11:12:03 IST">
  <testcase classname="com.crm.reqing.SampleTest.Sample_ContactTest" name="CreateContactWithMandatory" time="17.403"/>
  <testcase classname="com.crm.reqing.SampleTest.Sample_ContactTest" name="CreateContactWithOrganizationTest" time="25.285"/>
  <testcase classname="com.crm.reqing.SampleTest.Sample_OrganizationTest" name="CreateOrganizationWithMandatory" time="0.132">
    <skipped/>
  </testcase> <!-- CreateOrganizationWithMandatory -->
  <testcase classname="com.crm.reqing.SampleTest.Sample_OrganizationTest" name="CreateOrganizationWithMandatory" time="0.123">
    <skipped/>
  </testcase> <!-- CreateOrganizationWithMandatory -->
  <testcase classname="com.crm.reqing.SampleTest.Sample_OrganizationTest" name="CreateOrganizationWithMandatory" time="0.196">
    <skipped/>
  </testcase> <!-- CreateOrganizationWithMandatory -->
  <testcase classname="com.crm.reqing.SampleTest.Sample_OrganizationTest" name="CreateOrganizationWithMandatory" time="0.102">
    <skipped/>
  </testcase> <!-- CreateOrganizationWithMandatory -->
  <testcase classname="com.crm.reqing.SampleTest.Sample_OrganizationTest" name="CreateOrganizationWithMandatory" time="0.103">
    <failure type="java.lang.NullPointerException" message="Cannot invoke &amp;quot;org.apache.poi.ss.usermodel.Cell.getStringCellValue()&amp;quot; because the return value of &amp;quot;org.apache.poi.ss.usermodel.Row.getCell(int)&amp;quot; is null">
      <![CDATA[java.lang.NullPointerException: Cannot invoke "org.apache.poi.ss.usermodel.Cell.getStringCellValue()" because the return value of "org.apache.poi.ss.usermodel.Row.getCell(int)" is null
at com.crm.reqing.GenericUtility.ExcelUtility.getDataFromExcel(ExcelUtility.java:33)
at com.crm.reqing.SampleTest.Sample_OrganizationTest.CreateOrganizationWithMandatory(Sample_OrganizationTest.java:27)
at java.base/java.util.ArrayList.forEach(ArrayList.java:1511)
... Removed 27 stack frames]]>
    </failure>
  </testcase> <!-- CreateOrganizationWithMandatory -->
  <testcase classname="com.crm.reqing.SampleTest.Sample_OrganizationTest" name="CreateOrganizationWithMemberOfTest" time="25.471"/>
  <testcase classname="com.crm.reqing.SampleTest.Sample_CampaignTest" name="CreateCampaignWithProductTest" time="19.613"/>
  <testcase classname="com.crm.reqing.SampleTest.Sample_CampaignTest" name="createCampaignWithMandatoryFieldTest" time="18.147"/>
  <testcase classname="com.crm.reqing.SampleTest.Sample_ProductTest" name="CreateProductWithMandatoryTest" time="15.178"/>
  <testcase classname="com.crm.reqing.SampleTest.Sample_ProductTest" name="CreateProductWithVendorsTest" time="20.266"/>
  <testcase classname="com.crm.reqing.GenericUtility.BaseClass" name="@BeforeSuite configBS" time="0.0">
    <ignored/>
  </testcase> <!-- @BeforeSuite configBS -->
  <testcase classname="com.crm.reqing.GenericUtility.BaseClass" name="@BeforeSuite configBS" time="0.0">
    <ignored/>
  </testcase> <!-- @BeforeSuite configBS -->
  <testcase classname="com.crm.reqing.GenericUtility.BaseClass" name="@BeforeSuite configBS" time="0.0">
    <ignored/>
  </testcase> <!-- @BeforeSuite configBS -->
  <testcase classname="com.crm.reqing.GenericUtility.BaseClass" name="@AfterSuite configAS" time="0.0">
    <ignored/>
  </testcase> <!-- @AfterSuite configAS -->
  <testcase classname="com.crm.reqing.GenericUtility.BaseClass" name="@AfterSuite configAS" time="0.0">
    <ignored/>
  </testcase> <!-- @AfterSuite configAS -->
  <testcase classname="com.crm.reqing.GenericUtility.BaseClass" name="@AfterSuite configAS" time="0.0">
    <ignored/>
  </testcase> <!-- @AfterSuite configAS -->
</testsuite> <!-- Test -->
